# JRE version: OpenJDK Runtime Environment (16.0.2+7) (build 16.0.2+7-67)
# Java VM: OpenJDK 64-Bit Server VM (16.0.2+7-67, mixed mode, sharing, tiered, compressed oops, compressed class ptrs, g1 gc, windows-amd64)
GC Precious Log:
 CPUs: 6 total, 6 available
 Memory: 16207M
 Large Page Support: Disabled
 NUMA Support: Disabled
 Compressed Oops: Enabled (32-bit)
 Heap Region Size: 1M
 Heap Min Capacity: 256M
 Heap Initial Capacity: 256M
 Heap Max Capacity: 512M
 Pre-touch: Disabled
 Parallel Workers: 6
 Concurrent Workers: 2
 Concurrent Refinement Workers: 6
 Periodic GC: Disabled
Heap:
 garbage-first heap   total 262144K, used 149500K [0x00000000e0000000, 0x0000000100000000)
  region size 1024K, 63 young (64512K), 7 survivors (7168K)
 Metaspace       used 63794K, committed 64448K, reserved 270336K
  class space    used 8659K, committed 8960K, reserved 212992K
GC Heap History (14 events):
Event: 0.519 GC heap before
{Heap before GC invocations=0 (full 0):
 garbage-first heap   total 262144K, used 26624K [0x00000000e0000000, 0x0000000100000000)
  region size 1024K, 21 young (21504K), 0 survivors (0K)
 Metaspace       used 3068K, committed 3264K, reserved 221184K
  class space    used 378K, committed 448K, reserved 212992K
}
Event: 0.523 GC heap after
{Heap after GC invocations=1 (full 0):
 garbage-first heap   total 262144K, used 9389K [0x00000000e0000000, 0x0000000100000000)
  region size 1024K, 3 young (3072K), 3 survivors (3072K)
 Metaspace       used 3068K, committed 3264K, reserved 221184K
  class space    used 378K, committed 448K, reserved 212992K
}
Event: 0.836 GC heap before
{Heap before GC invocations=1 (full 0):
 garbage-first heap   total 262144K, used 33965K [0x00000000e0000000, 0x0000000100000000)
  region size 1024K, 27 young (27648K), 3 survivors (3072K)
 Metaspace       used 3979K, committed 4224K, reserved 221184K
  class space    used 473K, committed 576K, reserved 212992K
}
Event: 0.838 GC heap after
{Heap after GC invocations=2 (full 0):
 garbage-first heap   total 262144K, used 9628K [0x00000000e0000000, 0x0000000100000000)
  region size 1024K, 1 young (1024K), 1 survivors (1024K)
 Metaspace       used 3979K, committed 4224K, reserved 221184K
  class space    used 473K, committed 576K, reserved 212992K
}
Event: 2.777 GC heap before
{Heap before GC invocations=2 (full 0):
 garbage-first heap   total 262144K, used 137628K [0x00000000e0000000, 0x0000000100000000)
  region size 1024K, 117 young (119808K), 1 survivors (1024K)
 Metaspace       used 20963K, committed 21248K, reserved 237568K
  class space    used 3100K, committed 3200K, reserved 212992K
}
Event: 2.785 GC heap after
{Heap after GC invocations=3 (full 0):
 garbage-first heap   total 262144K, used 32792K [0x00000000e0000000, 0x0000000100000000)
  region size 1024K, 14 young (14336K), 14 survivors (14336K)
 Metaspace       used 20963K, committed 21248K, reserved 237568K
  class space    used 3100K, committed 3200K, reserved 212992K
}
Event: 4.416 GC heap before
{Heap before GC invocations=4 (full 0):
 garbage-first heap   total 262144K, used 146456K [0x00000000e0000000, 0x0000000100000000)
  region size 1024K, 115 young (117760K), 14 survivors (14336K)
 Metaspace       used 35286K, committed 35648K, reserved 245760K
  class space    used 4704K, committed 4864K, reserved 212992K
}
Event: 4.429 GC heap after
{Heap after GC invocations=5 (full 0):
 garbage-first heap   total 262144K, used 50802K [0x00000000e0000000, 0x0000000100000000)
  region size 1024K, 11 young (11264K), 11 survivors (11264K)
 Metaspace       used 35286K, committed 35648K, reserved 245760K
  class space    used 4704K, committed 4864K, reserved 212992K
}
Event: 6.352 GC heap before
{Heap before GC invocations=6 (full 0):
 garbage-first heap   total 262144K, used 204402K [0x00000000e0000000, 0x0000000100000000)
  region size 1024K, 140 young (143360K), 11 survivors (11264K)
 Metaspace       used 47182K, committed 47744K, reserved 262144K
  class space    used 6526K, committed 6784K, reserved 212992K
}
Event: 6.375 GC heap after
{Heap after GC invocations=7 (full 0):
 garbage-first heap   total 262144K, used 88007K [0x00000000e0000000, 0x0000000100000000)
  region size 1024K, 15 young (15360K), 15 survivors (15360K)
 Metaspace       used 47182K, committed 47744K, reserved 262144K
  class space    used 6526K, committed 6784K, reserved 212992K
}
Event: 1075.305 GC heap before
{Heap before GC invocations=7 (full 0):
 garbage-first heap   total 262144K, used 197575K [0x00000000e0000000, 0x0000000100000000)
  region size 1024K, 122 young (124928K), 15 survivors (15360K)
 Metaspace       used 53860K, committed 54592K, reserved 262144K
  class space    used 7348K, committed 7680K, reserved 212992K
}
Event: 1075.318 GC heap after
{Heap after GC invocations=8 (full 0):
 garbage-first heap   total 262144K, used 94992K [0x00000000e0000000, 0x0000000100000000)
  region size 1024K, 7 young (7168K), 7 survivors (7168K)
 Metaspace       used 53860K, committed 54592K, reserved 262144K
  class space    used 7348K, committed 7680K, reserved 212992K
}
Event: 1075.947 GC heap before
{Heap before GC invocations=8 (full 0):
 garbage-first heap   total 262144K, used 105232K [0x00000000e0000000, 0x0000000100000000)
  region size 1024K, 19 young (19456K), 7 survivors (7168K)
 Metaspace       used 58893K, committed 59648K, reserved 270336K
  class space    used 8104K, committed 8448K, reserved 212992K
}
Event: 1075.955 GC heap after
{Heap after GC invocations=9 (full 0):
 garbage-first heap   total 262144K, used 94204K [0x00000000e0000000, 0x0000000100000000)
  region size 1024K, 7 young (7168K), 7 survivors (7168K)
 Metaspace       used 58893K, committed 59648K, reserved 270336K
  class space    used 8104K, committed 8448K, reserved 212992K
}

